C:\develop\console_check_Serial2\console_check_Serial2\Debug\cl.command.1.tlog
C:\develop\console_check_Serial2\console_check_Serial2\Debug\CL.read.1.tlog
C:\develop\console_check_Serial2\console_check_Serial2\Debug\CL.write.1.tlog
C:\DEVELOP\CONSOLE_CHECK_SERIAL2\CONSOLE_CHECK_SERIAL2\DEBUG\CONSOLE_CHECK_SERIAL2.EXE.EMBED.MANIFEST
C:\DEVELOP\CONSOLE_CHECK_SERIAL2\CONSOLE_CHECK_SERIAL2\DEBUG\CONSOLE_CHECK_SERIAL2.EXE.EMBED.MANIFEST.RES
C:\develop\console_check_Serial2\console_check_Serial2\Debug\console_check_Serial2.exe.intermediate.manifest
C:\DEVELOP\CONSOLE_CHECK_SERIAL2\CONSOLE_CHECK_SERIAL2\DEBUG\CONSOLE_CHECK_SERIAL2.OBJ
C:\DEVELOP\CONSOLE_CHECK_SERIAL2\CONSOLE_CHECK_SERIAL2\DEBUG\CONSOLE_CHECK_SERIAL2.PCH
C:\develop\console_check_Serial2\console_check_Serial2\Debug\console_check_Serial2_manifest.rc
C:\develop\console_check_Serial2\console_check_Serial2\Debug\link.828.read.1.tlog
C:\develop\console_check_Serial2\console_check_Serial2\Debug\link.828.write.1.tlog
C:\develop\console_check_Serial2\console_check_Serial2\Debug\link.828-cvtres.read.1.tlog
C:\develop\console_check_Serial2\console_check_Serial2\Debug\link.828-cvtres.write.1.tlog
C:\develop\console_check_Serial2\console_check_Serial2\Debug\link.command.1.tlog
C:\develop\console_check_Serial2\console_check_Serial2\Debug\link.read.1.tlog
C:\develop\console_check_Serial2\console_check_Serial2\Debug\link.write.1.tlog
C:\develop\console_check_Serial2\console_check_Serial2\Debug\link-cvtres.read.1.tlog
C:\develop\console_check_Serial2\console_check_Serial2\Debug\link-cvtres.write.1.tlog
C:\develop\console_check_Serial2\console_check_Serial2\Debug\mt.command.1.tlog
C:\develop\console_check_Serial2\console_check_Serial2\Debug\mt.read.1.tlog
C:\develop\console_check_Serial2\console_check_Serial2\Debug\mt.write.1.tlog
C:\develop\console_check_Serial2\console_check_Serial2\Debug\rc.command.1.tlog
C:\develop\console_check_Serial2\console_check_Serial2\Debug\rc.read.1.tlog
C:\develop\console_check_Serial2\console_check_Serial2\Debug\rc.write.1.tlog
C:\DEVELOP\CONSOLE_CHECK_SERIAL2\CONSOLE_CHECK_SERIAL2\DEBUG\STDAFX.OBJ
C:\develop\console_check_Serial2\console_check_Serial2\Debug\vc100.idb
C:\DEVELOP\CONSOLE_CHECK_SERIAL2\CONSOLE_CHECK_SERIAL2\DEBUG\VC100.PDB
C:\develop\console_check_Serial2\Debug\console_check_Serial2.pdb
